C:\CYGWIN64\HOME\MATTHEW.HOGGAN\DEVEL\SCORCH3DEARTH\SRC\DEBUG\CHASECAM.OBJ
C:\cygwin64\home\matthew.hoggan\devel\Scorch3dEarth\src\Debug\cl.command.1.tlog
C:\cygwin64\home\matthew.hoggan\devel\Scorch3dEarth\src\Debug\CL.read.1.tlog
C:\cygwin64\home\matthew.hoggan\devel\Scorch3dEarth\src\Debug\CL.write.1.tlog
C:\CYGWIN64\HOME\MATTHEW.HOGGAN\DEVEL\SCORCH3DEARTH\SRC\DEBUG\CONTROLITEM.OBJ
C:\CYGWIN64\HOME\MATTHEW.HOGGAN\DEVEL\SCORCH3DEARTH\SRC\DEBUG\CONTROLITEMBUTTON.OBJ
C:\CYGWIN64\HOME\MATTHEW.HOGGAN\DEVEL\SCORCH3DEARTH\SRC\DEBUG\CONTROLITEMCHECKBOX.OBJ
C:\CYGWIN64\HOME\MATTHEW.HOGGAN\DEVEL\SCORCH3DEARTH\SRC\DEBUG\CONTROLITEMGRID.OBJ
C:\CYGWIN64\HOME\MATTHEW.HOGGAN\DEVEL\SCORCH3DEARTH\SRC\DEBUG\CONTROLITEMSELECTIONBOX.OBJ
C:\CYGWIN64\HOME\MATTHEW.HOGGAN\DEVEL\SCORCH3DEARTH\SRC\DEBUG\CONTROLITEMSLIDERBAR.OBJ
C:\CYGWIN64\HOME\MATTHEW.HOGGAN\DEVEL\SCORCH3DEARTH\SRC\DEBUG\CONTROLITEMTEXTFIELD.OBJ
C:\CYGWIN64\HOME\MATTHEW.HOGGAN\DEVEL\SCORCH3DEARTH\SRC\DEBUG\EXPLOSION.OBJ
C:\CYGWIN64\HOME\MATTHEW.HOGGAN\DEVEL\SCORCH3DEARTH\SRC\DEBUG\GAMESTATE.OBJ
C:\CYGWIN64\HOME\MATTHEW.HOGGAN\DEVEL\SCORCH3DEARTH\SRC\DEBUG\GLOBALSETTINGS.OBJ
C:\CYGWIN64\HOME\MATTHEW.HOGGAN\DEVEL\SCORCH3DEARTH\SRC\DEBUG\IMAGEOBJECT.OBJ
C:\CYGWIN64\HOME\MATTHEW.HOGGAN\DEVEL\SCORCH3DEARTH\SRC\DEBUG\INVENTORY.OBJ
C:\CYGWIN64\HOME\MATTHEW.HOGGAN\DEVEL\SCORCH3DEARTH\SRC\DEBUG\ITEM.OBJ
C:\CYGWIN64\HOME\MATTHEW.HOGGAN\DEVEL\SCORCH3DEARTH\SRC\DEBUG\ITEMANTIACID.OBJ
C:\CYGWIN64\HOME\MATTHEW.HOGGAN\DEVEL\SCORCH3DEARTH\SRC\DEBUG\ITEMBIGREPAIR.OBJ
C:\CYGWIN64\HOME\MATTHEW.HOGGAN\DEVEL\SCORCH3DEARTH\SRC\DEBUG\ITEMCLOAK.OBJ
C:\CYGWIN64\HOME\MATTHEW.HOGGAN\DEVEL\SCORCH3DEARTH\SRC\DEBUG\ITEMDOUBLEACTION.OBJ
C:\CYGWIN64\HOME\MATTHEW.HOGGAN\DEVEL\SCORCH3DEARTH\SRC\DEBUG\ITEMEXTRABATTERY.OBJ
C:\CYGWIN64\HOME\MATTHEW.HOGGAN\DEVEL\SCORCH3DEARTH\SRC\DEBUG\ITEMFLOAT.OBJ
C:\CYGWIN64\HOME\MATTHEW.HOGGAN\DEVEL\SCORCH3DEARTH\SRC\DEBUG\ITEMSHIELD.OBJ
C:\CYGWIN64\HOME\MATTHEW.HOGGAN\DEVEL\SCORCH3DEARTH\SRC\DEBUG\ITEMSMALLREPAIR.OBJ
C:\CYGWIN64\HOME\MATTHEW.HOGGAN\DEVEL\SCORCH3DEARTH\SRC\DEBUG\ITEMTEST.OBJ
C:\cygwin64\home\matthew.hoggan\devel\Scorch3dEarth\src\Debug\link.command.1.tlog
C:\cygwin64\home\matthew.hoggan\devel\Scorch3dEarth\src\Debug\link.read.1.tlog
C:\cygwin64\home\matthew.hoggan\devel\Scorch3dEarth\src\Debug\link.write.1.tlog
C:\CYGWIN64\HOME\MATTHEW.HOGGAN\DEVEL\SCORCH3DEARTH\SRC\DEBUG\LOADINGSCREEN.OBJ
C:\CYGWIN64\HOME\MATTHEW.HOGGAN\DEVEL\SCORCH3DEARTH\SRC\DEBUG\MAINMENU.OBJ
C:\CYGWIN64\HOME\MATTHEW.HOGGAN\DEVEL\SCORCH3DEARTH\SRC\DEBUG\MAINMENUBUTTON.OBJ
C:\CYGWIN64\HOME\MATTHEW.HOGGAN\DEVEL\SCORCH3DEARTH\SRC\DEBUG\NORMAL.OBJ
C:\CYGWIN64\HOME\MATTHEW.HOGGAN\DEVEL\SCORCH3DEARTH\SRC\DEBUG\PARTICLE.OBJ
C:\CYGWIN64\HOME\MATTHEW.HOGGAN\DEVEL\SCORCH3DEARTH\SRC\DEBUG\PARTICLEACID.OBJ
C:\CYGWIN64\HOME\MATTHEW.HOGGAN\DEVEL\SCORCH3DEARTH\SRC\DEBUG\PARTICLEFLOAT.OBJ
C:\CYGWIN64\HOME\MATTHEW.HOGGAN\DEVEL\SCORCH3DEARTH\SRC\DEBUG\PARTICLEGENERATOR.OBJ
C:\CYGWIN64\HOME\MATTHEW.HOGGAN\DEVEL\SCORCH3DEARTH\SRC\DEBUG\PARTICLESMOKE.OBJ
C:\CYGWIN64\HOME\MATTHEW.HOGGAN\DEVEL\SCORCH3DEARTH\SRC\DEBUG\PLAYER.OBJ
C:\CYGWIN64\HOME\MATTHEW.HOGGAN\DEVEL\SCORCH3DEARTH\SRC\DEBUG\PLAYERCPU.OBJ
C:\CYGWIN64\HOME\MATTHEW.HOGGAN\DEVEL\SCORCH3DEARTH\SRC\DEBUG\PLAYERFACTORY.OBJ
C:\CYGWIN64\HOME\MATTHEW.HOGGAN\DEVEL\SCORCH3DEARTH\SRC\DEBUG\PLAYERHUMAN.OBJ
C:\CYGWIN64\HOME\MATTHEW.HOGGAN\DEVEL\SCORCH3DEARTH\SRC\DEBUG\PROJECTILE.OBJ
C:\cygwin64\home\matthew.hoggan\devel\Scorch3dEarth\src\Debug\rc.command.1.tlog
C:\cygwin64\home\matthew.hoggan\devel\Scorch3dEarth\src\Debug\rc.read.1.tlog
C:\cygwin64\home\matthew.hoggan\devel\Scorch3dEarth\src\Debug\rc.write.1.tlog
C:\CYGWIN64\HOME\MATTHEW.HOGGAN\DEVEL\SCORCH3DEARTH\SRC\DEBUG\READYMENU.OBJ
C:\CYGWIN64\HOME\MATTHEW.HOGGAN\DEVEL\SCORCH3DEARTH\SRC\DEBUG\SCORCH3DEARTH.OBJ
C:\cygwin64\home\matthew.hoggan\devel\Scorch3dEarth\src\Debug\ScorchedEarth.exe.embed.manifest
C:\CYGWIN64\HOME\MATTHEW.HOGGAN\DEVEL\SCORCH3DEARTH\SRC\DEBUG\SCORCHEDEARTH.EXE.EMBED.MANIFEST.RES
C:\cygwin64\home\matthew.hoggan\devel\Scorch3dEarth\src\Debug\ScorchedEarth_manifest.rc
C:\CYGWIN64\HOME\MATTHEW.HOGGAN\DEVEL\SCORCH3DEARTH\SRC\DEBUG\SHADER.OBJ
C:\CYGWIN64\HOME\MATTHEW.HOGGAN\DEVEL\SCORCH3DEARTH\SRC\DEBUG\SHOPMENU.OBJ
C:\CYGWIN64\HOME\MATTHEW.HOGGAN\DEVEL\SCORCH3DEARTH\SRC\DEBUG\SKYBOXFACTORY.OBJ
C:\CYGWIN64\HOME\MATTHEW.HOGGAN\DEVEL\SCORCH3DEARTH\SRC\DEBUG\SOUND.OBJ
C:\CYGWIN64\HOME\MATTHEW.HOGGAN\DEVEL\SCORCH3DEARTH\SRC\DEBUG\SPECIALEFFECT.OBJ
C:\CYGWIN64\HOME\MATTHEW.HOGGAN\DEVEL\SCORCH3DEARTH\SRC\DEBUG\SUBMENU.OBJ
C:\CYGWIN64\HOME\MATTHEW.HOGGAN\DEVEL\SCORCH3DEARTH\SRC\DEBUG\SUBMENUECONOMICS.OBJ
C:\CYGWIN64\HOME\MATTHEW.HOGGAN\DEVEL\SCORCH3DEARTH\SRC\DEBUG\SUBMENUHARDWARE.OBJ
C:\CYGWIN64\HOME\MATTHEW.HOGGAN\DEVEL\SCORCH3DEARTH\SRC\DEBUG\SUBMENULANDSCAPE.OBJ
C:\CYGWIN64\HOME\MATTHEW.HOGGAN\DEVEL\SCORCH3DEARTH\SRC\DEBUG\SUBMENUPHYSICS.OBJ
C:\CYGWIN64\HOME\MATTHEW.HOGGAN\DEVEL\SCORCH3DEARTH\SRC\DEBUG\SUBMENUPLAYOPTIONS.OBJ
C:\CYGWIN64\HOME\MATTHEW.HOGGAN\DEVEL\SCORCH3DEARTH\SRC\DEBUG\SUBMENUSELECTTANKS.OBJ
C:\CYGWIN64\HOME\MATTHEW.HOGGAN\DEVEL\SCORCH3DEARTH\SRC\DEBUG\SUBMENUSOUND.OBJ
C:\CYGWIN64\HOME\MATTHEW.HOGGAN\DEVEL\SCORCH3DEARTH\SRC\DEBUG\SUBMENUTEST.OBJ
C:\CYGWIN64\HOME\MATTHEW.HOGGAN\DEVEL\SCORCH3DEARTH\SRC\DEBUG\SUBMENUWEAPONS.OBJ
C:\CYGWIN64\HOME\MATTHEW.HOGGAN\DEVEL\SCORCH3DEARTH\SRC\DEBUG\TANK.OBJ
C:\CYGWIN64\HOME\MATTHEW.HOGGAN\DEVEL\SCORCH3DEARTH\SRC\DEBUG\TANKA.OBJ
C:\CYGWIN64\HOME\MATTHEW.HOGGAN\DEVEL\SCORCH3DEARTH\SRC\DEBUG\TANKB.OBJ
C:\CYGWIN64\HOME\MATTHEW.HOGGAN\DEVEL\SCORCH3DEARTH\SRC\DEBUG\TANKC.OBJ
C:\CYGWIN64\HOME\MATTHEW.HOGGAN\DEVEL\SCORCH3DEARTH\SRC\DEBUG\TANKD.OBJ
C:\CYGWIN64\HOME\MATTHEW.HOGGAN\DEVEL\SCORCH3DEARTH\SRC\DEBUG\TANKE.OBJ
C:\CYGWIN64\HOME\MATTHEW.HOGGAN\DEVEL\SCORCH3DEARTH\SRC\DEBUG\TANKF.OBJ
C:\CYGWIN64\HOME\MATTHEW.HOGGAN\DEVEL\SCORCH3DEARTH\SRC\DEBUG\TANKG.OBJ
C:\CYGWIN64\HOME\MATTHEW.HOGGAN\DEVEL\SCORCH3DEARTH\SRC\DEBUG\TANKH.OBJ
C:\CYGWIN64\HOME\MATTHEW.HOGGAN\DEVEL\SCORCH3DEARTH\SRC\DEBUG\TERRAINMAKER.OBJ
C:\CYGWIN64\HOME\MATTHEW.HOGGAN\DEVEL\SCORCH3DEARTH\SRC\DEBUG\TEXCOORD.OBJ
C:\CYGWIN64\HOME\MATTHEW.HOGGAN\DEVEL\SCORCH3DEARTH\SRC\DEBUG\TEXTOBJECT.OBJ
C:\CYGWIN64\HOME\MATTHEW.HOGGAN\DEVEL\SCORCH3DEARTH\SRC\DEBUG\VBOQUALIFER.OBJ
C:\CYGWIN64\HOME\MATTHEW.HOGGAN\DEVEL\SCORCH3DEARTH\SRC\DEBUG\VBOSHADERLIBRARY.OBJ
C:\cygwin64\home\matthew.hoggan\devel\Scorch3dEarth\src\Debug\vc100.idb
C:\CYGWIN64\HOME\MATTHEW.HOGGAN\DEVEL\SCORCH3DEARTH\SRC\DEBUG\VC100.PDB
C:\CYGWIN64\HOME\MATTHEW.HOGGAN\DEVEL\SCORCH3DEARTH\SRC\DEBUG\VECTOR.OBJ
C:\CYGWIN64\HOME\MATTHEW.HOGGAN\DEVEL\SCORCH3DEARTH\SRC\DEBUG\VERTEX.OBJ
C:\CYGWIN64\HOME\MATTHEW.HOGGAN\DEVEL\SCORCH3DEARTH\SRC\DEBUG\WATER.OBJ
C:\CYGWIN64\HOME\MATTHEW.HOGGAN\DEVEL\SCORCH3DEARTH\SRC\DEBUG\WEAPON.OBJ
C:\CYGWIN64\HOME\MATTHEW.HOGGAN\DEVEL\SCORCH3DEARTH\SRC\DEBUG\WEAPONACID.OBJ
C:\CYGWIN64\HOME\MATTHEW.HOGGAN\DEVEL\SCORCH3DEARTH\SRC\DEBUG\WEAPONATOM.OBJ
C:\CYGWIN64\HOME\MATTHEW.HOGGAN\DEVEL\SCORCH3DEARTH\SRC\DEBUG\WEAPONBFB.OBJ
C:\CYGWIN64\HOME\MATTHEW.HOGGAN\DEVEL\SCORCH3DEARTH\SRC\DEBUG\WEAPONDEFAULT.OBJ
C:\CYGWIN64\HOME\MATTHEW.HOGGAN\DEVEL\SCORCH3DEARTH\SRC\DEBUG\WEAPONEMP.OBJ
C:\CYGWIN64\HOME\MATTHEW.HOGGAN\DEVEL\SCORCH3DEARTH\SRC\DEBUG\WEAPONMFB.OBJ
C:\CYGWIN64\HOME\MATTHEW.HOGGAN\DEVEL\SCORCH3DEARTH\SRC\DEBUG\WEAPONNUKE.OBJ
C:\CYGWIN64\HOME\MATTHEW.HOGGAN\DEVEL\SCORCH3DEARTH\SRC\DEBUG\WEAPONPADLOCK.OBJ
C:\CYGWIN64\HOME\MATTHEW.HOGGAN\DEVEL\SCORCH3DEARTH\SRC\DEBUG\WEAPONREVIVE.OBJ
C:\CYGWIN64\HOME\MATTHEW.HOGGAN\DEVEL\SCORCH3DEARTH\SRC\DEBUG\WEAPONTELEPORT.OBJ
C:\CYGWIN64\HOME\MATTHEW.HOGGAN\DEVEL\SCORCH3DEARTH\SRC\DEBUG\WEAPONTEST.OBJ
C:\CYGWIN64\HOME\MATTHEW.HOGGAN\DEVEL\SCORCH3DEARTH\SRC\DEBUG\WEAPONTHOR.OBJ
C:\CYGWIN64\HOME\MATTHEW.HOGGAN\DEVEL\SCORCH3DEARTH\SRC\DEBUG\WORLDCAM.OBJ
